2024-10-24 21:52:55,929 - utils - DEBUG : Debug message
2024-10-24 21:52:55,929 - utils - INFO : Info message
2024-10-24 21:52:55,929 - utils - WARNING : Warning message
2024-10-24 21:52:55,929 - utils - ERROR : Error message
2024-10-24 21:52:55,929 - utils - CRITICAL : Critical message
2024-10-24 21:52:59,788 - utils - DEBUG : Debug message
2024-10-24 21:52:59,789 - utils - INFO : Info message
2024-10-24 21:52:59,789 - utils - WARNING : Warning message
2024-10-24 21:52:59,789 - utils - ERROR : Error message
2024-10-24 21:52:59,790 - utils - CRITICAL : Critical message
2024-10-24 22:07:20,203 - utils - DEBUG : Debug message
2024-10-24 22:07:20,203 - utils - INFO : Info message
2024-10-24 22:07:20,203 - utils - WARNING : Warning message
2024-10-24 22:07:20,203 - utils - ERROR : Error message
2024-10-24 22:07:20,203 - utils - CRITICAL : Critical message
2024-10-24 22:07:29,443 - utils - DEBUG : Debug message
2024-10-24 22:07:29,443 - utils - INFO : Info message
2024-10-24 22:07:29,444 - utils - WARNING : Warning message
2024-10-24 22:07:29,444 - utils - ERROR : Error message
2024-10-24 22:07:29,444 - utils - CRITICAL : Critical message
